2025-12-25 00:01:09.864 [SpringApplicationShutdownHook] INFO  org.springframework.boot.web.embedded.tomcat.GracefulShutdown - Commencing graceful shutdown. Waiting for active requests to complete
2025-12-25 00:01:09.964 [tomcat-shutdown] INFO  org.springframework.boot.web.embedded.tomcat.GracefulShutdown - Graceful shutdown complete
2025-12-25 00:01:12.052 [SpringApplicationShutdownHook] INFO  org.springframework.orm.jpa.LocalContainerEntityManagerFactoryBean - Closing JPA EntityManagerFactory for persistence unit 'default'
2025-12-25 00:01:12.065 [SpringApplicationShutdownHook] INFO  com.zaxxer.hikari.HikariDataSource - HikariPool-1 - Shutdown initiated...
2025-12-25 00:01:12.071 [SpringApplicationShutdownHook] INFO  com.zaxxer.hikari.HikariDataSource - HikariPool-1 - Shutdown completed.
2025-12-25 00:09:34.275 [main] INFO  org.example.card.CardApplication - Starting CardApplication using Java 17.0.17 with PID 88357 (/home/duwniy/IdeaProjects/card/target/classes started by duwniy in /home/duwniy/IdeaProjects/card)
2025-12-25 00:09:34.280 [main] DEBUG org.example.card.CardApplication - Running with Spring Boot v3.4.1, Spring v6.2.1
2025-12-25 00:09:34.281 [main] INFO  org.example.card.CardApplication - The following 1 profile is active: "dev"
2025-12-25 00:09:35.066 [main] INFO  org.springframework.data.repository.config.RepositoryConfigurationDelegate - Bootstrapping Spring Data JPA repositories in DEFAULT mode.
2025-12-25 00:09:35.166 [main] INFO  org.springframework.data.repository.config.RepositoryConfigurationDelegate - Finished Spring Data repository scanning in 93 ms. Found 3 JPA repository interfaces.
2025-12-25 00:09:35.710 [main] INFO  org.springframework.boot.web.embedded.tomcat.TomcatWebServer - Tomcat initialized with port 8080 (http)
2025-12-25 00:09:35.720 [main] INFO  org.apache.coyote.http11.Http11NioProtocol - Initializing ProtocolHandler ["http-nio-8080"]
2025-12-25 00:09:35.722 [main] INFO  org.apache.catalina.core.StandardService - Starting service [Tomcat]
2025-12-25 00:09:35.723 [main] INFO  org.apache.catalina.core.StandardEngine - Starting Servlet engine: [Apache Tomcat/10.1.34]
2025-12-25 00:09:35.757 [main] INFO  org.apache.catalina.core.ContainerBase.[Tomcat].[localhost].[/] - Initializing Spring embedded WebApplicationContext
2025-12-25 00:09:35.758 [main] INFO  org.springframework.boot.web.servlet.context.ServletWebServerApplicationContext - Root WebApplicationContext: initialization completed in 1444 ms
2025-12-25 00:09:35.916 [main] DEBUG org.example.card.security.JwtAuthenticationFilter - Filter 'jwtAuthenticationFilter' configured for use
2025-12-25 00:09:35.916 [main] DEBUG org.springframework.web.filter.ServerHttpObservationFilter - Filter 'webMvcObservationFilter' configured for use
2025-12-25 00:09:36.003 [main] INFO  com.zaxxer.hikari.HikariDataSource - HikariPool-1 - Starting...
2025-12-25 00:09:36.117 [main] INFO  com.zaxxer.hikari.pool.HikariPool - HikariPool-1 - Added connection org.postgresql.jdbc.PgConnection@6684589a
2025-12-25 00:09:36.119 [main] INFO  com.zaxxer.hikari.HikariDataSource - HikariPool-1 - Start completed.
2025-12-25 00:09:36.221 [main] INFO  liquibase.database - Set default schema name to public
2025-12-25 00:09:36.444 [main] INFO  liquibase.changelog - Reading from public.databasechangelog
2025-12-25 00:09:36.492 [main] INFO  liquibase.ui - Database is up to date, no changesets to execute
2025-12-25 00:09:36.494 [main] INFO  liquibase.changelog - Reading from public.databasechangelog
2025-12-25 00:09:36.501 [main] INFO  liquibase.util - UPDATE SUMMARY
2025-12-25 00:09:36.501 [main] INFO  liquibase.util - Run:                          0
2025-12-25 00:09:36.501 [main] INFO  liquibase.util - Previously run:               4
2025-12-25 00:09:36.501 [main] INFO  liquibase.util - Filtered out:                 0
2025-12-25 00:09:36.502 [main] INFO  liquibase.util - -------------------------------
2025-12-25 00:09:36.502 [main] INFO  liquibase.util - Total change sets:            4
2025-12-25 00:09:36.502 [main] INFO  liquibase.util - Update summary generated
2025-12-25 00:09:36.503 [main] INFO  liquibase.command - Command execution complete
2025-12-25 00:09:36.888 [main] INFO  org.springframework.orm.jpa.persistenceunit.SpringPersistenceUnitInfo - No LoadTimeWeaver setup: ignoring JPA class transformer
2025-12-25 00:09:36.924 [main] WARN  org.hibernate.orm.deprecation - HHH90000025: PostgreSQLDialect does not need to be specified explicitly using 'hibernate.dialect' (remove the property setting and it will be selected by default)
2025-12-25 00:09:37.536 [main] INFO  org.springframework.orm.jpa.LocalContainerEntityManagerFactoryBean - Initialized JPA EntityManagerFactory for persistence unit 'default'
2025-12-25 00:09:37.724 [main] INFO  org.springframework.data.jpa.repository.query.QueryEnhancerFactory - Hibernate is in classpath; If applicable, HQL parser will be used.
2025-12-25 00:09:38.449 [main] WARN  org.springframework.boot.autoconfigure.security.servlet.UserDetailsServiceAutoConfiguration - 

Using generated security password: 464e9e75-eaa2-4593-8e76-2887e031c759

This generated password is for development use only. Your security configuration must be updated before running your application in production.

2025-12-25 00:09:38.460 [main] INFO  org.springframework.security.config.annotation.authentication.configuration.InitializeUserDetailsBeanManagerConfigurer$InitializeUserDetailsManagerConfigurer - Global AuthenticationManager configured with UserDetailsService bean with name inMemoryUserDetailsManager
2025-12-25 00:09:38.580 [main] DEBUG org.springframework.web.servlet.mvc.method.annotation.RequestMappingHandlerMapping - 13 mappings in 'requestMappingHandlerMapping'
2025-12-25 00:09:38.629 [main] DEBUG org.springframework.web.servlet.handler.SimpleUrlHandlerMapping - Patterns [/webjars/**, /**, /swagger-ui*/*swagger-initializer.js, /swagger-ui*/**] in 'resourceHandlerMapping'
2025-12-25 00:09:38.713 [main] INFO  org.springframework.boot.actuate.endpoint.web.EndpointLinksResolver - Exposing 3 endpoints beneath base path '/actuator'
2025-12-25 00:09:38.770 [main] DEBUG org.springframework.security.web.DefaultSecurityFilterChain - Will secure any request with filters: DisableEncodeUrlFilter, WebAsyncManagerIntegrationFilter, SecurityContextHolderFilter, HeaderWriterFilter, LogoutFilter, JwtAuthenticationFilter, RequestCacheAwareFilter, SecurityContextHolderAwareRequestFilter, AnonymousAuthenticationFilter, SessionManagementFilter, ExceptionTranslationFilter, AuthorizationFilter
2025-12-25 00:09:38.886 [main] DEBUG org.springframework.web.servlet.mvc.method.annotation.RequestMappingHandlerAdapter - ControllerAdvice beans: 0 @ModelAttribute, 0 @InitBinder, 1 RequestBodyAdvice, 1 ResponseBodyAdvice
2025-12-25 00:09:38.927 [main] DEBUG org.springframework.web.servlet.mvc.method.annotation.ExceptionHandlerExceptionResolver - ControllerAdvice beans: 2 @ExceptionHandler, 1 ResponseBodyAdvice
2025-12-25 00:09:39.309 [main] INFO  org.apache.coyote.http11.Http11NioProtocol - Starting ProtocolHandler ["http-nio-8080"]
2025-12-25 00:09:39.318 [main] INFO  org.springframework.boot.web.embedded.tomcat.TomcatWebServer - Tomcat started on port 8080 (http) with context path '/'
2025-12-25 00:09:39.332 [main] INFO  org.example.card.CardApplication - Started CardApplication in 5.36 seconds (process running for 5.917)
2025-12-25 00:09:53.099 [http-nio-8080-exec-1] INFO  org.apache.catalina.core.ContainerBase.[Tomcat].[localhost].[/] - Initializing Spring DispatcherServlet 'dispatcherServlet'
2025-12-25 00:09:53.099 [http-nio-8080-exec-1] INFO  org.springframework.web.servlet.DispatcherServlet - Initializing Servlet 'dispatcherServlet'
2025-12-25 00:09:53.100 [http-nio-8080-exec-1] DEBUG org.springframework.web.servlet.DispatcherServlet - Detected StandardServletMultipartResolver
2025-12-25 00:09:53.100 [http-nio-8080-exec-1] DEBUG org.springframework.web.servlet.DispatcherServlet - Detected AcceptHeaderLocaleResolver
2025-12-25 00:09:53.100 [http-nio-8080-exec-1] DEBUG org.springframework.web.servlet.DispatcherServlet - Detected FixedThemeResolver
2025-12-25 00:09:53.101 [http-nio-8080-exec-1] DEBUG org.springframework.web.servlet.DispatcherServlet - Detected org.springframework.web.servlet.view.DefaultRequestToViewNameTranslator@1a2b83b1
2025-12-25 00:09:53.101 [http-nio-8080-exec-1] DEBUG org.springframework.web.servlet.DispatcherServlet - Detected org.springframework.web.servlet.support.SessionFlashMapManager@8966f7
2025-12-25 00:09:53.101 [http-nio-8080-exec-1] DEBUG org.springframework.web.servlet.DispatcherServlet - enableLoggingRequestDetails='false': request parameters and headers will be masked to prevent unsafe logging of potentially sensitive data
2025-12-25 00:09:53.101 [http-nio-8080-exec-1] INFO  org.springframework.web.servlet.DispatcherServlet - Completed initialization in 1 ms
2025-12-25 00:09:53.127 [http-nio-8080-exec-1] DEBUG org.springframework.security.web.FilterChainProxy - Securing GET /swagger-ui.html
2025-12-25 00:09:53.141 [http-nio-8080-exec-1] DEBUG org.springframework.security.web.authentication.AnonymousAuthenticationFilter - Set SecurityContextHolder to anonymous SecurityContext
2025-12-25 00:09:53.141 [http-nio-8080-exec-1] DEBUG org.springframework.security.web.session.SessionManagementFilter - Request requested invalid session id E5990064456CD85D8639F95C5EA0B960
2025-12-25 00:09:53.145 [http-nio-8080-exec-1] DEBUG org.springframework.security.web.FilterChainProxy - Secured GET /swagger-ui.html
2025-12-25 00:09:53.147 [http-nio-8080-exec-1] DEBUG org.springframework.web.servlet.DispatcherServlet - GET "/swagger-ui.html", parameters={}
2025-12-25 00:09:53.150 [http-nio-8080-exec-1] DEBUG org.springframework.web.servlet.mvc.method.annotation.RequestMappingHandlerMapping - Mapped to org.springdoc.webmvc.ui.SwaggerWelcomeWebMvc#redirectToUi(HttpServletRequest)
2025-12-25 00:09:53.190 [http-nio-8080-exec-1] DEBUG org.springframework.web.servlet.mvc.method.annotation.HttpEntityMethodProcessor - Using 'application/json;q=0.8', given [text/html, application/xhtml+xml, application/xml;q=0.9, */*;q=0.8] and supported [application/json, application/*+json, application/yaml]
2025-12-25 00:09:53.193 [http-nio-8080-exec-1] DEBUG org.springframework.web.servlet.mvc.method.annotation.HttpEntityMethodProcessor - Nothing to write: null body
2025-12-25 00:09:53.194 [http-nio-8080-exec-1] DEBUG org.springframework.web.servlet.DispatcherServlet - Completed 302 FOUND
2025-12-25 00:09:53.208 [http-nio-8080-exec-2] DEBUG org.springframework.security.web.FilterChainProxy - Securing GET /swagger-ui/index.html
2025-12-25 00:09:53.209 [http-nio-8080-exec-2] DEBUG org.springframework.security.web.authentication.AnonymousAuthenticationFilter - Set SecurityContextHolder to anonymous SecurityContext
2025-12-25 00:09:53.210 [http-nio-8080-exec-2] DEBUG org.springframework.security.web.session.SessionManagementFilter - Request requested invalid session id E5990064456CD85D8639F95C5EA0B960
2025-12-25 00:09:53.210 [http-nio-8080-exec-2] DEBUG org.springframework.security.web.FilterChainProxy - Secured GET /swagger-ui/index.html
2025-12-25 00:09:53.211 [http-nio-8080-exec-2] DEBUG org.springframework.web.servlet.DispatcherServlet - GET "/swagger-ui/index.html", parameters={}
2025-12-25 00:09:53.212 [http-nio-8080-exec-2] DEBUG org.springframework.web.servlet.handler.SimpleUrlHandlerMapping - Mapped to ResourceHttpRequestHandler [classpath [META-INF/resources/webjars/]]
2025-12-25 00:09:53.217 [http-nio-8080-exec-2] DEBUG org.springframework.web.servlet.DispatcherServlet - Completed 200 OK
2025-12-25 00:09:53.261 [http-nio-8080-exec-3] DEBUG org.springframework.security.web.FilterChainProxy - Securing GET /swagger-ui/swagger-ui.css
2025-12-25 00:09:53.261 [http-nio-8080-exec-4] DEBUG org.springframework.security.web.FilterChainProxy - Securing GET /swagger-ui/index.css
2025-12-25 00:09:53.261 [http-nio-8080-exec-5] DEBUG org.springframework.security.web.FilterChainProxy - Securing GET /swagger-ui/swagger-ui-bundle.js
2025-12-25 00:09:53.261 [http-nio-8080-exec-7] DEBUG org.springframework.security.web.FilterChainProxy - Securing GET /swagger-ui/swagger-initializer.js
2025-12-25 00:09:53.261 [http-nio-8080-exec-3] DEBUG org.springframework.security.web.authentication.AnonymousAuthenticationFilter - Set SecurityContextHolder to anonymous SecurityContext
2025-12-25 00:09:53.261 [http-nio-8080-exec-3] DEBUG org.springframework.security.web.session.SessionManagementFilter - Request requested invalid session id E5990064456CD85D8639F95C5EA0B960
2025-12-25 00:09:53.262 [http-nio-8080-exec-5] DEBUG org.springframework.security.web.authentication.AnonymousAuthenticationFilter - Set SecurityContextHolder to anonymous SecurityContext
2025-12-25 00:09:53.261 [http-nio-8080-exec-6] DEBUG org.springframework.security.web.FilterChainProxy - Securing GET /swagger-ui/swagger-ui-standalone-preset.js
2025-12-25 00:09:53.262 [http-nio-8080-exec-5] DEBUG org.springframework.security.web.session.SessionManagementFilter - Request requested invalid session id E5990064456CD85D8639F95C5EA0B960
2025-12-25 00:09:53.262 [http-nio-8080-exec-7] DEBUG org.springframework.security.web.authentication.AnonymousAuthenticationFilter - Set SecurityContextHolder to anonymous SecurityContext
2025-12-25 00:09:53.262 [http-nio-8080-exec-7] DEBUG org.springframework.security.web.session.SessionManagementFilter - Request requested invalid session id E5990064456CD85D8639F95C5EA0B960
2025-12-25 00:09:53.262 [http-nio-8080-exec-4] DEBUG org.springframework.security.web.authentication.AnonymousAuthenticationFilter - Set SecurityContextHolder to anonymous SecurityContext
2025-12-25 00:09:53.262 [http-nio-8080-exec-3] DEBUG org.springframework.security.web.FilterChainProxy - Secured GET /swagger-ui/swagger-ui.css
2025-12-25 00:09:53.262 [http-nio-8080-exec-4] DEBUG org.springframework.security.web.session.SessionManagementFilter - Request requested invalid session id E5990064456CD85D8639F95C5EA0B960
2025-12-25 00:09:53.262 [http-nio-8080-exec-5] DEBUG org.springframework.security.web.FilterChainProxy - Secured GET /swagger-ui/swagger-ui-bundle.js
2025-12-25 00:09:53.262 [http-nio-8080-exec-6] DEBUG org.springframework.security.web.authentication.AnonymousAuthenticationFilter - Set SecurityContextHolder to anonymous SecurityContext
2025-12-25 00:09:53.262 [http-nio-8080-exec-3] DEBUG org.springframework.web.servlet.DispatcherServlet - GET "/swagger-ui/swagger-ui.css", parameters={}
2025-12-25 00:09:53.262 [http-nio-8080-exec-5] DEBUG org.springframework.web.servlet.DispatcherServlet - GET "/swagger-ui/swagger-ui-bundle.js", parameters={}
2025-12-25 00:09:53.262 [http-nio-8080-exec-7] DEBUG org.springframework.security.web.FilterChainProxy - Secured GET /swagger-ui/swagger-initializer.js
2025-12-25 00:09:53.262 [http-nio-8080-exec-6] DEBUG org.springframework.security.web.session.SessionManagementFilter - Request requested invalid session id E5990064456CD85D8639F95C5EA0B960
2025-12-25 00:09:53.262 [http-nio-8080-exec-7] DEBUG org.springframework.web.servlet.DispatcherServlet - GET "/swagger-ui/swagger-initializer.js", parameters={}
2025-12-25 00:09:53.263 [http-nio-8080-exec-4] DEBUG org.springframework.security.web.FilterChainProxy - Secured GET /swagger-ui/index.css
2025-12-25 00:09:53.263 [http-nio-8080-exec-4] DEBUG org.springframework.web.servlet.DispatcherServlet - GET "/swagger-ui/index.css", parameters={}
2025-12-25 00:09:53.263 [http-nio-8080-exec-5] DEBUG org.springframework.web.servlet.handler.SimpleUrlHandlerMapping - Mapped to ResourceHttpRequestHandler [classpath [META-INF/resources/webjars/]]
2025-12-25 00:09:53.263 [http-nio-8080-exec-6] DEBUG org.springframework.security.web.FilterChainProxy - Secured GET /swagger-ui/swagger-ui-standalone-preset.js
2025-12-25 00:09:53.263 [http-nio-8080-exec-3] DEBUG org.springframework.web.servlet.handler.SimpleUrlHandlerMapping - Mapped to ResourceHttpRequestHandler [classpath [META-INF/resources/webjars/]]
2025-12-25 00:09:53.263 [http-nio-8080-exec-6] DEBUG org.springframework.web.servlet.DispatcherServlet - GET "/swagger-ui/swagger-ui-standalone-preset.js", parameters={}
2025-12-25 00:09:53.263 [http-nio-8080-exec-7] DEBUG org.springframework.web.servlet.handler.SimpleUrlHandlerMapping - Mapped to ResourceHttpRequestHandler [classpath [META-INF/resources/webjars/]]
2025-12-25 00:09:53.263 [http-nio-8080-exec-4] DEBUG org.springframework.web.servlet.handler.SimpleUrlHandlerMapping - Mapped to ResourceHttpRequestHandler [classpath [META-INF/resources/webjars/]]
2025-12-25 00:09:53.263 [http-nio-8080-exec-6] DEBUG org.springframework.web.servlet.handler.SimpleUrlHandlerMapping - Mapped to ResourceHttpRequestHandler [classpath [META-INF/resources/webjars/]]
2025-12-25 00:09:53.266 [http-nio-8080-exec-4] DEBUG org.springframework.web.servlet.DispatcherServlet - Completed 200 OK
2025-12-25 00:09:53.266 [http-nio-8080-exec-3] DEBUG org.springframework.web.servlet.DispatcherServlet - Completed 200 OK
2025-12-25 00:09:53.268 [http-nio-8080-exec-6] DEBUG org.springframework.web.servlet.DispatcherServlet - Completed 200 OK
2025-12-25 00:09:53.276 [http-nio-8080-exec-5] DEBUG org.springframework.web.servlet.DispatcherServlet - Completed 200 OK
2025-12-25 00:09:53.295 [http-nio-8080-exec-7] DEBUG org.springframework.web.servlet.DispatcherServlet - Completed 200 OK
2025-12-25 00:09:53.442 [http-nio-8080-exec-8] DEBUG org.springframework.security.web.FilterChainProxy - Securing GET /swagger-ui/favicon-32x32.png
2025-12-25 00:09:53.443 [http-nio-8080-exec-8] DEBUG org.springframework.security.web.authentication.AnonymousAuthenticationFilter - Set SecurityContextHolder to anonymous SecurityContext
2025-12-25 00:09:53.443 [http-nio-8080-exec-8] DEBUG org.springframework.security.web.session.SessionManagementFilter - Request requested invalid session id E5990064456CD85D8639F95C5EA0B960
2025-12-25 00:09:53.444 [http-nio-8080-exec-8] DEBUG org.springframework.security.web.FilterChainProxy - Secured GET /swagger-ui/favicon-32x32.png
2025-12-25 00:09:53.444 [http-nio-8080-exec-8] DEBUG org.springframework.web.servlet.DispatcherServlet - GET "/swagger-ui/favicon-32x32.png", parameters={}
2025-12-25 00:09:53.445 [http-nio-8080-exec-8] DEBUG org.springframework.web.servlet.handler.SimpleUrlHandlerMapping - Mapped to ResourceHttpRequestHandler [classpath [META-INF/resources/webjars/]]
2025-12-25 00:09:53.446 [http-nio-8080-exec-8] DEBUG org.springframework.web.servlet.DispatcherServlet - Completed 200 OK
2025-12-25 00:09:53.469 [http-nio-8080-exec-9] DEBUG org.springframework.security.web.FilterChainProxy - Securing GET /v3/api-docs/swagger-config
2025-12-25 00:09:53.470 [http-nio-8080-exec-9] DEBUG org.springframework.security.web.authentication.AnonymousAuthenticationFilter - Set SecurityContextHolder to anonymous SecurityContext
2025-12-25 00:09:53.470 [http-nio-8080-exec-9] DEBUG org.springframework.security.web.session.SessionManagementFilter - Request requested invalid session id E5990064456CD85D8639F95C5EA0B960
2025-12-25 00:09:53.471 [http-nio-8080-exec-9] DEBUG org.springframework.security.web.FilterChainProxy - Secured GET /v3/api-docs/swagger-config
2025-12-25 00:09:53.471 [http-nio-8080-exec-9] DEBUG org.springframework.web.servlet.DispatcherServlet - GET "/v3/api-docs/swagger-config", parameters={}
2025-12-25 00:09:53.471 [http-nio-8080-exec-9] DEBUG org.springframework.web.servlet.mvc.method.annotation.RequestMappingHandlerMapping - Mapped to org.springdoc.webmvc.ui.SwaggerConfigResource#openapiJson(HttpServletRequest)
2025-12-25 00:09:53.473 [http-nio-8080-exec-9] DEBUG org.springframework.web.servlet.mvc.method.annotation.RequestResponseBodyMethodProcessor - Using 'application/json', given [*/*] and supported [application/json]
2025-12-25 00:09:53.484 [http-nio-8080-exec-9] DEBUG org.springframework.web.servlet.mvc.method.annotation.RequestResponseBodyMethodProcessor - Writing [{configUrl=/v3/api-docs/swagger-config, oauth2RedirectUrl=http://localhost:8080/swagger-ui/oauth2-re (truncated)...]
2025-12-25 00:09:53.488 [http-nio-8080-exec-9] DEBUG org.springframework.web.servlet.DispatcherServlet - Completed 200 OK
2025-12-25 00:09:53.500 [http-nio-8080-exec-10] DEBUG org.springframework.security.web.FilterChainProxy - Securing GET /v3/api-docs
2025-12-25 00:09:53.500 [http-nio-8080-exec-10] DEBUG org.springframework.security.web.authentication.AnonymousAuthenticationFilter - Set SecurityContextHolder to anonymous SecurityContext
2025-12-25 00:09:53.500 [http-nio-8080-exec-10] DEBUG org.springframework.security.web.session.SessionManagementFilter - Request requested invalid session id E5990064456CD85D8639F95C5EA0B960
2025-12-25 00:09:53.501 [http-nio-8080-exec-10] DEBUG org.springframework.security.web.FilterChainProxy - Secured GET /v3/api-docs
2025-12-25 00:09:53.501 [http-nio-8080-exec-10] DEBUG org.springframework.web.servlet.DispatcherServlet - GET "/v3/api-docs", parameters={}
2025-12-25 00:09:53.501 [http-nio-8080-exec-10] DEBUG org.springframework.web.servlet.mvc.method.annotation.RequestMappingHandlerMapping - Mapped to org.springdoc.webmvc.api.OpenApiWebMvcResource#openapiJson(HttpServletRequest, String, Locale)
2025-12-25 00:09:53.806 [http-nio-8080-exec-10] INFO  org.springdoc.api.AbstractOpenApiResource - Init duration for springdoc-openapi is: 289 ms
2025-12-25 00:09:53.824 [http-nio-8080-exec-10] DEBUG org.springframework.web.servlet.mvc.method.annotation.RequestResponseBodyMethodProcessor - Using 'application/json', given [application/json, */*] and supported [application/json]
2025-12-25 00:09:53.825 [http-nio-8080-exec-10] DEBUG org.springframework.web.servlet.mvc.method.annotation.RequestResponseBodyMethodProcessor - Writing [{123, 34, 111, 112, 101, 110, 97, 112, 105, 34, 58, 34, 51, 46, 48, 46, 49, 34, 44, 34, 105, 110, 10 (truncated)...]
2025-12-25 00:09:53.826 [http-nio-8080-exec-10] DEBUG org.springframework.web.servlet.DispatcherServlet - Completed 200 OK
2025-12-25 00:10:22.730 [http-nio-8080-exec-1] DEBUG org.springframework.security.web.FilterChainProxy - Securing GET /actuator/health
2025-12-25 00:10:22.731 [http-nio-8080-exec-1] DEBUG org.springframework.security.web.authentication.AnonymousAuthenticationFilter - Set SecurityContextHolder to anonymous SecurityContext
2025-12-25 00:10:22.731 [http-nio-8080-exec-1] DEBUG org.springframework.security.web.session.SessionManagementFilter - Request requested invalid session id E5990064456CD85D8639F95C5EA0B960
2025-12-25 00:10:22.732 [http-nio-8080-exec-1] DEBUG org.springframework.security.web.FilterChainProxy - Secured GET /actuator/health
2025-12-25 00:10:22.732 [http-nio-8080-exec-1] DEBUG org.springframework.web.servlet.DispatcherServlet - GET "/actuator/health", parameters={}
2025-12-25 00:10:22.735 [http-nio-8080-exec-1] DEBUG org.springframework.web.servlet.mvc.method.annotation.RequestResponseBodyMethodProcessor - Read "application/octet-stream" to []
2025-12-25 00:10:22.744 [http-nio-8080-exec-1] DEBUG org.springframework.web.servlet.mvc.method.annotation.HttpEntityMethodProcessor - Using 'application/vnd.spring-boot.actuator.v3+json;q=0.8', given [text/html, application/xhtml+xml, application/xml;q=0.9, */*;q=0.8] and supported [application/vnd.spring-boot.actuator.v3+json, application/vnd.spring-boot.actuator.v2+json, application/json]
2025-12-25 00:10:22.749 [http-nio-8080-exec-1] DEBUG org.springframework.web.servlet.mvc.method.annotation.HttpEntityMethodProcessor - Writing [org.springframework.boot.actuate.health.SystemHealth@7b8aee95]
2025-12-25 00:10:22.750 [http-nio-8080-exec-1] DEBUG org.springframework.web.servlet.DispatcherServlet - Completed 200 OK
2025-12-25 00:10:22.808 [http-nio-8080-exec-2] DEBUG org.springframework.security.web.FilterChainProxy - Securing GET /favicon.ico
2025-12-25 00:10:22.809 [http-nio-8080-exec-2] DEBUG org.springframework.security.web.authentication.AnonymousAuthenticationFilter - Set SecurityContextHolder to anonymous SecurityContext
2025-12-25 00:10:22.813 [http-nio-8080-exec-2] DEBUG org.springframework.security.web.authentication.Http403ForbiddenEntryPoint - Pre-authenticated entry point called. Rejecting access
2025-12-25 00:10:22.824 [http-nio-8080-exec-2] DEBUG org.springframework.security.web.FilterChainProxy - Securing GET /error
2025-12-25 00:10:22.825 [http-nio-8080-exec-2] DEBUG org.springframework.security.web.authentication.AnonymousAuthenticationFilter - Set SecurityContextHolder to anonymous SecurityContext
2025-12-25 00:10:22.825 [http-nio-8080-exec-2] DEBUG org.springframework.security.web.authentication.Http403ForbiddenEntryPoint - Pre-authenticated entry point called. Rejecting access
2025-12-25 00:10:35.206 [SpringApplicationShutdownHook] INFO  org.springframework.boot.web.embedded.tomcat.GracefulShutdown - Commencing graceful shutdown. Waiting for active requests to complete
2025-12-25 00:10:35.208 [tomcat-shutdown] INFO  org.springframework.boot.web.embedded.tomcat.GracefulShutdown - Graceful shutdown complete
2025-12-25 00:10:37.245 [SpringApplicationShutdownHook] INFO  org.springframework.orm.jpa.LocalContainerEntityManagerFactoryBean - Closing JPA EntityManagerFactory for persistence unit 'default'
2025-12-25 00:10:37.248 [SpringApplicationShutdownHook] INFO  com.zaxxer.hikari.HikariDataSource - HikariPool-1 - Shutdown initiated...
2025-12-25 00:10:37.251 [SpringApplicationShutdownHook] INFO  com.zaxxer.hikari.HikariDataSource - HikariPool-1 - Shutdown completed.
2025-12-25 00:16:24.187 [main] INFO  org.example.card.CardApplication - Starting CardApplication using Java 17.0.17 with PID 90751 (/home/duwniy/IdeaProjects/card/target/classes started by duwniy in /home/duwniy/IdeaProjects/card)
2025-12-25 00:16:24.192 [main] DEBUG org.example.card.CardApplication - Running with Spring Boot v3.4.1, Spring v6.2.1
2025-12-25 00:16:24.193 [main] INFO  org.example.card.CardApplication - The following 1 profile is active: "dev"
2025-12-25 00:16:25.064 [main] INFO  org.springframework.data.repository.config.RepositoryConfigurationDelegate - Bootstrapping Spring Data JPA repositories in DEFAULT mode.
2025-12-25 00:16:25.164 [main] INFO  org.springframework.data.repository.config.RepositoryConfigurationDelegate - Finished Spring Data repository scanning in 92 ms. Found 3 JPA repository interfaces.
2025-12-25 00:16:25.744 [main] INFO  org.springframework.boot.web.embedded.tomcat.TomcatWebServer - Tomcat initialized with port 8080 (http)
2025-12-25 00:16:25.752 [main] INFO  org.apache.coyote.http11.Http11NioProtocol - Initializing ProtocolHandler ["http-nio-8080"]
2025-12-25 00:16:25.761 [main] INFO  org.apache.catalina.core.StandardService - Starting service [Tomcat]
2025-12-25 00:16:25.761 [main] INFO  org.apache.catalina.core.StandardEngine - Starting Servlet engine: [Apache Tomcat/10.1.34]
2025-12-25 00:16:25.804 [main] INFO  org.apache.catalina.core.ContainerBase.[Tomcat].[localhost].[/] - Initializing Spring embedded WebApplicationContext
2025-12-25 00:16:25.804 [main] INFO  org.springframework.boot.web.servlet.context.ServletWebServerApplicationContext - Root WebApplicationContext: initialization completed in 1581 ms
2025-12-25 00:16:25.982 [main] DEBUG org.example.card.security.JwtAuthenticationFilter - Filter 'jwtAuthenticationFilter' configured for use
2025-12-25 00:16:25.983 [main] DEBUG org.springframework.web.filter.ServerHttpObservationFilter - Filter 'webMvcObservationFilter' configured for use
2025-12-25 00:16:26.073 [main] INFO  com.zaxxer.hikari.HikariDataSource - HikariPool-1 - Starting...
2025-12-25 00:16:26.186 [main] INFO  com.zaxxer.hikari.pool.HikariPool - HikariPool-1 - Added connection org.postgresql.jdbc.PgConnection@2d3d4a54
2025-12-25 00:16:26.188 [main] INFO  com.zaxxer.hikari.HikariDataSource - HikariPool-1 - Start completed.
2025-12-25 00:16:26.285 [main] INFO  liquibase.database - Set default schema name to public
2025-12-25 00:16:26.524 [main] INFO  liquibase.changelog - Reading from public.databasechangelog
2025-12-25 00:16:26.567 [main] INFO  liquibase.ui - Database is up to date, no changesets to execute
2025-12-25 00:16:26.569 [main] INFO  liquibase.changelog - Reading from public.databasechangelog
2025-12-25 00:16:26.575 [main] INFO  liquibase.util - UPDATE SUMMARY
2025-12-25 00:16:26.576 [main] INFO  liquibase.util - Run:                          0
2025-12-25 00:16:26.576 [main] INFO  liquibase.util - Previously run:               4
2025-12-25 00:16:26.576 [main] INFO  liquibase.util - Filtered out:                 0
2025-12-25 00:16:26.576 [main] INFO  liquibase.util - -------------------------------
2025-12-25 00:16:26.576 [main] INFO  liquibase.util - Total change sets:            4
2025-12-25 00:16:26.577 [main] INFO  liquibase.util - Update summary generated
2025-12-25 00:16:26.577 [main] INFO  liquibase.command - Command execution complete
2025-12-25 00:16:26.940 [main] INFO  org.springframework.orm.jpa.persistenceunit.SpringPersistenceUnitInfo - No LoadTimeWeaver setup: ignoring JPA class transformer
2025-12-25 00:16:26.979 [main] WARN  org.hibernate.orm.deprecation - HHH90000025: PostgreSQLDialect does not need to be specified explicitly using 'hibernate.dialect' (remove the property setting and it will be selected by default)
2025-12-25 00:16:27.586 [main] INFO  org.springframework.orm.jpa.LocalContainerEntityManagerFactoryBean - Initialized JPA EntityManagerFactory for persistence unit 'default'
2025-12-25 00:16:27.791 [main] INFO  org.springframework.data.jpa.repository.query.QueryEnhancerFactory - Hibernate is in classpath; If applicable, HQL parser will be used.
2025-12-25 00:16:28.552 [main] WARN  org.springframework.boot.autoconfigure.security.servlet.UserDetailsServiceAutoConfiguration - 

Using generated security password: bdf419b5-4c0d-46e7-b9ab-741b4acfb938

This generated password is for development use only. Your security configuration must be updated before running your application in production.

2025-12-25 00:16:28.564 [main] INFO  org.springframework.security.config.annotation.authentication.configuration.InitializeUserDetailsBeanManagerConfigurer$InitializeUserDetailsManagerConfigurer - Global AuthenticationManager configured with UserDetailsService bean with name inMemoryUserDetailsManager
2025-12-25 00:16:28.677 [main] DEBUG org.springframework.web.servlet.mvc.method.annotation.RequestMappingHandlerMapping - 13 mappings in 'requestMappingHandlerMapping'
2025-12-25 00:16:28.715 [main] DEBUG org.springframework.web.servlet.handler.SimpleUrlHandlerMapping - Patterns [/webjars/**, /**, /swagger-ui*/*swagger-initializer.js, /swagger-ui*/**] in 'resourceHandlerMapping'
2025-12-25 00:16:28.851 [main] INFO  org.springframework.boot.actuate.endpoint.web.EndpointLinksResolver - Exposing 3 endpoints beneath base path '/actuator'
2025-12-25 00:16:28.904 [main] DEBUG org.springframework.security.web.DefaultSecurityFilterChain - Will secure any request with filters: DisableEncodeUrlFilter, WebAsyncManagerIntegrationFilter, SecurityContextHolderFilter, HeaderWriterFilter, LogoutFilter, JwtAuthenticationFilter, RequestCacheAwareFilter, SecurityContextHolderAwareRequestFilter, AnonymousAuthenticationFilter, SessionManagementFilter, ExceptionTranslationFilter, AuthorizationFilter
2025-12-25 00:16:29.000 [main] DEBUG org.springframework.web.servlet.mvc.method.annotation.RequestMappingHandlerAdapter - ControllerAdvice beans: 0 @ModelAttribute, 0 @InitBinder, 1 RequestBodyAdvice, 1 ResponseBodyAdvice
2025-12-25 00:16:29.037 [main] DEBUG org.springframework.web.servlet.mvc.method.annotation.ExceptionHandlerExceptionResolver - ControllerAdvice beans: 2 @ExceptionHandler, 1 ResponseBodyAdvice
2025-12-25 00:16:29.425 [main] INFO  org.apache.coyote.http11.Http11NioProtocol - Starting ProtocolHandler ["http-nio-8080"]
2025-12-25 00:16:29.433 [main] INFO  org.springframework.boot.web.embedded.tomcat.TomcatWebServer - Tomcat started on port 8080 (http) with context path '/'
2025-12-25 00:16:29.445 [main] INFO  org.example.card.CardApplication - Started CardApplication in 5.586 seconds (process running for 6.574)
2025-12-25 00:16:29.816 [RMI TCP Connection(1)-192.168.0.103] INFO  org.apache.catalina.core.ContainerBase.[Tomcat].[localhost].[/] - Initializing Spring DispatcherServlet 'dispatcherServlet'
2025-12-25 00:16:29.816 [RMI TCP Connection(1)-192.168.0.103] INFO  org.springframework.web.servlet.DispatcherServlet - Initializing Servlet 'dispatcherServlet'
2025-12-25 00:16:29.816 [RMI TCP Connection(1)-192.168.0.103] DEBUG org.springframework.web.servlet.DispatcherServlet - Detected StandardServletMultipartResolver
2025-12-25 00:16:29.817 [RMI TCP Connection(1)-192.168.0.103] DEBUG org.springframework.web.servlet.DispatcherServlet - Detected AcceptHeaderLocaleResolver
2025-12-25 00:16:29.817 [RMI TCP Connection(1)-192.168.0.103] DEBUG org.springframework.web.servlet.DispatcherServlet - Detected FixedThemeResolver
2025-12-25 00:16:29.818 [RMI TCP Connection(1)-192.168.0.103] DEBUG org.springframework.web.servlet.DispatcherServlet - Detected org.springframework.web.servlet.view.DefaultRequestToViewNameTranslator@415efec4
2025-12-25 00:16:29.819 [RMI TCP Connection(1)-192.168.0.103] DEBUG org.springframework.web.servlet.DispatcherServlet - Detected org.springframework.web.servlet.support.SessionFlashMapManager@6ad29dfa
2025-12-25 00:16:29.819 [RMI TCP Connection(1)-192.168.0.103] DEBUG org.springframework.web.servlet.DispatcherServlet - enableLoggingRequestDetails='false': request parameters and headers will be masked to prevent unsafe logging of potentially sensitive data
2025-12-25 00:16:29.819 [RMI TCP Connection(1)-192.168.0.103] INFO  org.springframework.web.servlet.DispatcherServlet - Completed initialization in 3 ms
2025-12-25 00:16:44.041 [SpringApplicationShutdownHook] INFO  org.springframework.boot.web.embedded.tomcat.GracefulShutdown - Commencing graceful shutdown. Waiting for active requests to complete
2025-12-25 00:16:44.045 [tomcat-shutdown] INFO  org.springframework.boot.web.embedded.tomcat.GracefulShutdown - Graceful shutdown complete
2025-12-25 00:16:46.082 [SpringApplicationShutdownHook] INFO  org.springframework.orm.jpa.LocalContainerEntityManagerFactoryBean - Closing JPA EntityManagerFactory for persistence unit 'default'
2025-12-25 00:16:46.085 [SpringApplicationShutdownHook] INFO  com.zaxxer.hikari.HikariDataSource - HikariPool-1 - Shutdown initiated...
2025-12-25 00:16:46.089 [SpringApplicationShutdownHook] INFO  com.zaxxer.hikari.HikariDataSource - HikariPool-1 - Shutdown completed.
2025-12-25 00:24:51.444 [main] INFO  org.example.card.CardApplication - Starting CardApplication using Java 17.0.17 with PID 94490 (/home/duwniy/IdeaProjects/card/target/classes started by duwniy in /home/duwniy/IdeaProjects/card)
2025-12-25 00:24:51.450 [main] DEBUG org.example.card.CardApplication - Running with Spring Boot v3.4.1, Spring v6.2.1
2025-12-25 00:24:51.450 [main] INFO  org.example.card.CardApplication - The following 1 profile is active: "dev"
2025-12-25 00:24:52.307 [main] INFO  org.springframework.data.repository.config.RepositoryConfigurationDelegate - Bootstrapping Spring Data JPA repositories in DEFAULT mode.
2025-12-25 00:24:52.408 [main] INFO  org.springframework.data.repository.config.RepositoryConfigurationDelegate - Finished Spring Data repository scanning in 93 ms. Found 3 JPA repository interfaces.
2025-12-25 00:24:52.985 [main] INFO  org.springframework.boot.web.embedded.tomcat.TomcatWebServer - Tomcat initialized with port 8080 (http)
2025-12-25 00:24:52.993 [main] INFO  org.apache.coyote.http11.Http11NioProtocol - Initializing ProtocolHandler ["http-nio-8080"]
2025-12-25 00:24:52.995 [main] INFO  org.apache.catalina.core.StandardService - Starting service [Tomcat]
2025-12-25 00:24:52.995 [main] INFO  org.apache.catalina.core.StandardEngine - Starting Servlet engine: [Apache Tomcat/10.1.34]
2025-12-25 00:24:53.032 [main] INFO  org.apache.catalina.core.ContainerBase.[Tomcat].[localhost].[/] - Initializing Spring embedded WebApplicationContext
2025-12-25 00:24:53.032 [main] INFO  org.springframework.boot.web.servlet.context.ServletWebServerApplicationContext - Root WebApplicationContext: initialization completed in 1555 ms
2025-12-25 00:24:53.195 [main] DEBUG org.example.card.security.JwtAuthenticationFilter - Filter 'jwtAuthenticationFilter' configured for use
2025-12-25 00:24:53.195 [main] DEBUG org.springframework.web.filter.ServerHttpObservationFilter - Filter 'webMvcObservationFilter' configured for use
2025-12-25 00:24:53.279 [main] INFO  com.zaxxer.hikari.HikariDataSource - HikariPool-1 - Starting...
2025-12-25 00:24:53.385 [main] INFO  com.zaxxer.hikari.pool.HikariPool - HikariPool-1 - Added connection org.postgresql.jdbc.PgConnection@5d4a34ff
2025-12-25 00:24:53.386 [main] INFO  com.zaxxer.hikari.HikariDataSource - HikariPool-1 - Start completed.
2025-12-25 00:24:53.480 [main] INFO  liquibase.database - Set default schema name to public
2025-12-25 00:24:53.697 [main] INFO  liquibase.changelog - Reading from public.databasechangelog
2025-12-25 00:24:53.741 [main] INFO  liquibase.ui - Database is up to date, no changesets to execute
2025-12-25 00:24:53.743 [main] INFO  liquibase.changelog - Reading from public.databasechangelog
2025-12-25 00:24:53.749 [main] INFO  liquibase.util - UPDATE SUMMARY
2025-12-25 00:24:53.749 [main] INFO  liquibase.util - Run:                          0
2025-12-25 00:24:53.749 [main] INFO  liquibase.util - Previously run:               4
2025-12-25 00:24:53.749 [main] INFO  liquibase.util - Filtered out:                 0
2025-12-25 00:24:53.749 [main] INFO  liquibase.util - -------------------------------
2025-12-25 00:24:53.749 [main] INFO  liquibase.util - Total change sets:            4
2025-12-25 00:24:53.750 [main] INFO  liquibase.util - Update summary generated
2025-12-25 00:24:53.751 [main] INFO  liquibase.command - Command execution complete
2025-12-25 00:24:54.110 [main] INFO  org.springframework.orm.jpa.persistenceunit.SpringPersistenceUnitInfo - No LoadTimeWeaver setup: ignoring JPA class transformer
2025-12-25 00:24:54.143 [main] WARN  org.hibernate.orm.deprecation - HHH90000025: PostgreSQLDialect does not need to be specified explicitly using 'hibernate.dialect' (remove the property setting and it will be selected by default)
2025-12-25 00:24:54.752 [main] INFO  org.springframework.orm.jpa.LocalContainerEntityManagerFactoryBean - Initialized JPA EntityManagerFactory for persistence unit 'default'
2025-12-25 00:24:54.946 [main] INFO  org.springframework.data.jpa.repository.query.QueryEnhancerFactory - Hibernate is in classpath; If applicable, HQL parser will be used.
2025-12-25 00:24:55.688 [main] WARN  org.springframework.boot.autoconfigure.security.servlet.UserDetailsServiceAutoConfiguration - 

Using generated security password: 81e0f566-8df0-40cb-a50f-84234cb35a8b

This generated password is for development use only. Your security configuration must be updated before running your application in production.

2025-12-25 00:24:55.699 [main] INFO  org.springframework.security.config.annotation.authentication.configuration.InitializeUserDetailsBeanManagerConfigurer$InitializeUserDetailsManagerConfigurer - Global AuthenticationManager configured with UserDetailsService bean with name inMemoryUserDetailsManager
2025-12-25 00:24:55.811 [main] DEBUG org.springframework.web.servlet.mvc.method.annotation.RequestMappingHandlerMapping - 13 mappings in 'requestMappingHandlerMapping'
2025-12-25 00:24:55.848 [main] DEBUG org.springframework.web.servlet.handler.SimpleUrlHandlerMapping - Patterns [/webjars/**, /**, /swagger-ui*/*swagger-initializer.js, /swagger-ui*/**] in 'resourceHandlerMapping'
2025-12-25 00:24:55.998 [main] INFO  org.springframework.boot.actuate.endpoint.web.EndpointLinksResolver - Exposing 3 endpoints beneath base path '/actuator'
2025-12-25 00:24:56.053 [main] DEBUG org.springframework.security.web.DefaultSecurityFilterChain - Will secure any request with filters: DisableEncodeUrlFilter, WebAsyncManagerIntegrationFilter, SecurityContextHolderFilter, HeaderWriterFilter, LogoutFilter, JwtAuthenticationFilter, RequestCacheAwareFilter, SecurityContextHolderAwareRequestFilter, AnonymousAuthenticationFilter, SessionManagementFilter, ExceptionTranslationFilter, AuthorizationFilter
2025-12-25 00:24:56.162 [main] DEBUG org.springframework.web.servlet.mvc.method.annotation.RequestMappingHandlerAdapter - ControllerAdvice beans: 0 @ModelAttribute, 0 @InitBinder, 1 RequestBodyAdvice, 1 ResponseBodyAdvice
2025-12-25 00:24:56.198 [main] DEBUG org.springframework.web.servlet.mvc.method.annotation.ExceptionHandlerExceptionResolver - ControllerAdvice beans: 2 @ExceptionHandler, 1 ResponseBodyAdvice
2025-12-25 00:24:56.605 [main] INFO  org.apache.coyote.http11.Http11NioProtocol - Starting ProtocolHandler ["http-nio-8080"]
2025-12-25 00:24:56.613 [main] INFO  org.springframework.boot.web.embedded.tomcat.TomcatWebServer - Tomcat started on port 8080 (http) with context path '/'
2025-12-25 00:24:56.626 [main] INFO  org.example.card.CardApplication - Started CardApplication in 5.487 seconds (process running for 6.389)
2025-12-25 00:24:57.059 [RMI TCP Connection(4)-192.168.0.103] INFO  org.apache.catalina.core.ContainerBase.[Tomcat].[localhost].[/] - Initializing Spring DispatcherServlet 'dispatcherServlet'
2025-12-25 00:24:57.059 [RMI TCP Connection(4)-192.168.0.103] INFO  org.springframework.web.servlet.DispatcherServlet - Initializing Servlet 'dispatcherServlet'
2025-12-25 00:24:57.060 [RMI TCP Connection(4)-192.168.0.103] DEBUG org.springframework.web.servlet.DispatcherServlet - Detected StandardServletMultipartResolver
2025-12-25 00:24:57.060 [RMI TCP Connection(4)-192.168.0.103] DEBUG org.springframework.web.servlet.DispatcherServlet - Detected AcceptHeaderLocaleResolver
2025-12-25 00:24:57.060 [RMI TCP Connection(4)-192.168.0.103] DEBUG org.springframework.web.servlet.DispatcherServlet - Detected FixedThemeResolver
2025-12-25 00:24:57.062 [RMI TCP Connection(4)-192.168.0.103] DEBUG org.springframework.web.servlet.DispatcherServlet - Detected org.springframework.web.servlet.view.DefaultRequestToViewNameTranslator@aa9bf75
2025-12-25 00:24:57.063 [RMI TCP Connection(4)-192.168.0.103] DEBUG org.springframework.web.servlet.DispatcherServlet - Detected org.springframework.web.servlet.support.SessionFlashMapManager@f86f13d
2025-12-25 00:24:57.063 [RMI TCP Connection(4)-192.168.0.103] DEBUG org.springframework.web.servlet.DispatcherServlet - enableLoggingRequestDetails='false': request parameters and headers will be masked to prevent unsafe logging of potentially sensitive data
2025-12-25 00:24:57.063 [RMI TCP Connection(4)-192.168.0.103] INFO  org.springframework.web.servlet.DispatcherServlet - Completed initialization in 3 ms
2025-12-25 00:25:16.468 [http-nio-8080-exec-1] DEBUG org.springframework.security.web.FilterChainProxy - Securing GET /swagger-ui.html
2025-12-25 00:25:16.479 [http-nio-8080-exec-1] DEBUG org.springframework.security.web.authentication.AnonymousAuthenticationFilter - Set SecurityContextHolder to anonymous SecurityContext
2025-12-25 00:25:16.479 [http-nio-8080-exec-1] DEBUG org.springframework.security.web.session.SessionManagementFilter - Request requested invalid session id E5990064456CD85D8639F95C5EA0B960
2025-12-25 00:25:16.484 [http-nio-8080-exec-1] DEBUG org.springframework.security.web.FilterChainProxy - Secured GET /swagger-ui.html
2025-12-25 00:25:16.486 [http-nio-8080-exec-1] DEBUG org.springframework.web.servlet.DispatcherServlet - GET "/swagger-ui.html", parameters={}
2025-12-25 00:25:16.488 [http-nio-8080-exec-1] DEBUG org.springframework.web.servlet.mvc.method.annotation.RequestMappingHandlerMapping - Mapped to org.springdoc.webmvc.ui.SwaggerWelcomeWebMvc#redirectToUi(HttpServletRequest)
2025-12-25 00:25:16.509 [http-nio-8080-exec-1] DEBUG org.springframework.web.servlet.mvc.method.annotation.HttpEntityMethodProcessor - Using 'application/json;q=0.8', given [text/html, application/xhtml+xml, application/xml;q=0.9, */*;q=0.8] and supported [application/json, application/*+json, application/yaml]
2025-12-25 00:25:16.510 [http-nio-8080-exec-1] DEBUG org.springframework.web.servlet.mvc.method.annotation.HttpEntityMethodProcessor - Nothing to write: null body
2025-12-25 00:25:16.511 [http-nio-8080-exec-1] DEBUG org.springframework.web.servlet.DispatcherServlet - Completed 302 FOUND
2025-12-25 00:25:16.523 [http-nio-8080-exec-2] DEBUG org.springframework.security.web.FilterChainProxy - Securing GET /swagger-ui/index.html
2025-12-25 00:25:16.524 [http-nio-8080-exec-2] DEBUG org.springframework.security.web.authentication.AnonymousAuthenticationFilter - Set SecurityContextHolder to anonymous SecurityContext
2025-12-25 00:25:16.524 [http-nio-8080-exec-2] DEBUG org.springframework.security.web.session.SessionManagementFilter - Request requested invalid session id E5990064456CD85D8639F95C5EA0B960
2025-12-25 00:25:16.524 [http-nio-8080-exec-2] DEBUG org.springframework.security.web.FilterChainProxy - Secured GET /swagger-ui/index.html
2025-12-25 00:25:16.525 [http-nio-8080-exec-2] DEBUG org.springframework.web.servlet.DispatcherServlet - GET "/swagger-ui/index.html", parameters={}
2025-12-25 00:25:16.525 [http-nio-8080-exec-2] DEBUG org.springframework.web.servlet.handler.SimpleUrlHandlerMapping - Mapped to ResourceHttpRequestHandler [classpath [META-INF/resources/webjars/]]
2025-12-25 00:25:16.530 [http-nio-8080-exec-2] DEBUG org.springframework.web.servlet.DispatcherServlet - Completed 200 OK
2025-12-25 00:25:16.573 [http-nio-8080-exec-3] DEBUG org.springframework.security.web.FilterChainProxy - Securing GET /swagger-ui/swagger-ui.css
2025-12-25 00:25:16.573 [http-nio-8080-exec-4] DEBUG org.springframework.security.web.FilterChainProxy - Securing GET /swagger-ui/index.css
2025-12-25 00:25:16.573 [http-nio-8080-exec-5] DEBUG org.springframework.security.web.FilterChainProxy - Securing GET /swagger-ui/swagger-ui-bundle.js
2025-12-25 00:25:16.573 [http-nio-8080-exec-6] DEBUG org.springframework.security.web.FilterChainProxy - Securing GET /swagger-ui/swagger-ui-standalone-preset.js
2025-12-25 00:25:16.574 [http-nio-8080-exec-4] DEBUG org.springframework.security.web.authentication.AnonymousAuthenticationFilter - Set SecurityContextHolder to anonymous SecurityContext
2025-12-25 00:25:16.574 [http-nio-8080-exec-3] DEBUG org.springframework.security.web.authentication.AnonymousAuthenticationFilter - Set SecurityContextHolder to anonymous SecurityContext
2025-12-25 00:25:16.574 [http-nio-8080-exec-4] DEBUG org.springframework.security.web.session.SessionManagementFilter - Request requested invalid session id E5990064456CD85D8639F95C5EA0B960
2025-12-25 00:25:16.574 [http-nio-8080-exec-3] DEBUG org.springframework.security.web.session.SessionManagementFilter - Request requested invalid session id E5990064456CD85D8639F95C5EA0B960
2025-12-25 00:25:16.574 [http-nio-8080-exec-7] DEBUG org.springframework.security.web.FilterChainProxy - Securing GET /swagger-ui/swagger-initializer.js
2025-12-25 00:25:16.574 [http-nio-8080-exec-6] DEBUG org.springframework.security.web.authentication.AnonymousAuthenticationFilter - Set SecurityContextHolder to anonymous SecurityContext
2025-12-25 00:25:16.574 [http-nio-8080-exec-5] DEBUG org.springframework.security.web.authentication.AnonymousAuthenticationFilter - Set SecurityContextHolder to anonymous SecurityContext
2025-12-25 00:25:16.574 [http-nio-8080-exec-6] DEBUG org.springframework.security.web.session.SessionManagementFilter - Request requested invalid session id E5990064456CD85D8639F95C5EA0B960
2025-12-25 00:25:16.574 [http-nio-8080-exec-5] DEBUG org.springframework.security.web.session.SessionManagementFilter - Request requested invalid session id E5990064456CD85D8639F95C5EA0B960
2025-12-25 00:25:16.574 [http-nio-8080-exec-3] DEBUG org.springframework.security.web.FilterChainProxy - Secured GET /swagger-ui/swagger-ui.css
2025-12-25 00:25:16.574 [http-nio-8080-exec-4] DEBUG org.springframework.security.web.FilterChainProxy - Secured GET /swagger-ui/index.css
2025-12-25 00:25:16.575 [http-nio-8080-exec-3] DEBUG org.springframework.web.servlet.DispatcherServlet - GET "/swagger-ui/swagger-ui.css", parameters={}
2025-12-25 00:25:16.575 [http-nio-8080-exec-4] DEBUG org.springframework.web.servlet.DispatcherServlet - GET "/swagger-ui/index.css", parameters={}
2025-12-25 00:25:16.575 [http-nio-8080-exec-7] DEBUG org.springframework.security.web.authentication.AnonymousAuthenticationFilter - Set SecurityContextHolder to anonymous SecurityContext
2025-12-25 00:25:16.575 [http-nio-8080-exec-6] DEBUG org.springframework.security.web.FilterChainProxy - Secured GET /swagger-ui/swagger-ui-standalone-preset.js
2025-12-25 00:25:16.575 [http-nio-8080-exec-6] DEBUG org.springframework.web.servlet.DispatcherServlet - GET "/swagger-ui/swagger-ui-standalone-preset.js", parameters={}
2025-12-25 00:25:16.575 [http-nio-8080-exec-3] DEBUG org.springframework.web.servlet.handler.SimpleUrlHandlerMapping - Mapped to ResourceHttpRequestHandler [classpath [META-INF/resources/webjars/]]
2025-12-25 00:25:16.575 [http-nio-8080-exec-7] DEBUG org.springframework.security.web.session.SessionManagementFilter - Request requested invalid session id E5990064456CD85D8639F95C5EA0B960
2025-12-25 00:25:16.575 [http-nio-8080-exec-5] DEBUG org.springframework.security.web.FilterChainProxy - Secured GET /swagger-ui/swagger-ui-bundle.js
2025-12-25 00:25:16.575 [http-nio-8080-exec-6] DEBUG org.springframework.web.servlet.handler.SimpleUrlHandlerMapping - Mapped to ResourceHttpRequestHandler [classpath [META-INF/resources/webjars/]]
2025-12-25 00:25:16.575 [http-nio-8080-exec-5] DEBUG org.springframework.web.servlet.DispatcherServlet - GET "/swagger-ui/swagger-ui-bundle.js", parameters={}
2025-12-25 00:25:16.576 [http-nio-8080-exec-7] DEBUG org.springframework.security.web.FilterChainProxy - Secured GET /swagger-ui/swagger-initializer.js
2025-12-25 00:25:16.576 [http-nio-8080-exec-4] DEBUG org.springframework.web.servlet.handler.SimpleUrlHandlerMapping - Mapped to ResourceHttpRequestHandler [classpath [META-INF/resources/webjars/]]
2025-12-25 00:25:16.576 [http-nio-8080-exec-7] DEBUG org.springframework.web.servlet.DispatcherServlet - GET "/swagger-ui/swagger-initializer.js", parameters={}
2025-12-25 00:25:16.576 [http-nio-8080-exec-5] DEBUG org.springframework.web.servlet.handler.SimpleUrlHandlerMapping - Mapped to ResourceHttpRequestHandler [classpath [META-INF/resources/webjars/]]
2025-12-25 00:25:16.576 [http-nio-8080-exec-7] DEBUG org.springframework.web.servlet.handler.SimpleUrlHandlerMapping - Mapped to ResourceHttpRequestHandler [classpath [META-INF/resources/webjars/]]
2025-12-25 00:25:16.578 [http-nio-8080-exec-4] DEBUG org.springframework.web.servlet.DispatcherServlet - Completed 200 OK
2025-12-25 00:25:16.579 [http-nio-8080-exec-3] DEBUG org.springframework.web.servlet.DispatcherServlet - Completed 200 OK
2025-12-25 00:25:16.581 [http-nio-8080-exec-6] DEBUG org.springframework.web.servlet.DispatcherServlet - Completed 200 OK
2025-12-25 00:25:16.590 [http-nio-8080-exec-5] DEBUG org.springframework.web.servlet.DispatcherServlet - Completed 200 OK
2025-12-25 00:25:16.594 [http-nio-8080-exec-7] DEBUG org.springframework.web.servlet.DispatcherServlet - Completed 200 OK
2025-12-25 00:25:16.800 [http-nio-8080-exec-8] DEBUG org.springframework.security.web.FilterChainProxy - Securing GET /swagger-ui/favicon-32x32.png
2025-12-25 00:25:16.801 [http-nio-8080-exec-8] DEBUG org.springframework.security.web.authentication.AnonymousAuthenticationFilter - Set SecurityContextHolder to anonymous SecurityContext
2025-12-25 00:25:16.801 [http-nio-8080-exec-8] DEBUG org.springframework.security.web.session.SessionManagementFilter - Request requested invalid session id E5990064456CD85D8639F95C5EA0B960
2025-12-25 00:25:16.801 [http-nio-8080-exec-8] DEBUG org.springframework.security.web.FilterChainProxy - Secured GET /swagger-ui/favicon-32x32.png
2025-12-25 00:25:16.801 [http-nio-8080-exec-8] DEBUG org.springframework.web.servlet.DispatcherServlet - GET "/swagger-ui/favicon-32x32.png", parameters={}
2025-12-25 00:25:16.802 [http-nio-8080-exec-8] DEBUG org.springframework.web.servlet.handler.SimpleUrlHandlerMapping - Mapped to ResourceHttpRequestHandler [classpath [META-INF/resources/webjars/]]
2025-12-25 00:25:16.805 [http-nio-8080-exec-8] DEBUG org.springframework.web.servlet.DispatcherServlet - Completed 200 OK
2025-12-25 00:25:16.821 [http-nio-8080-exec-9] DEBUG org.springframework.security.web.FilterChainProxy - Securing GET /v3/api-docs/swagger-config
2025-12-25 00:25:16.822 [http-nio-8080-exec-9] DEBUG org.springframework.security.web.authentication.AnonymousAuthenticationFilter - Set SecurityContextHolder to anonymous SecurityContext
2025-12-25 00:25:16.822 [http-nio-8080-exec-9] DEBUG org.springframework.security.web.session.SessionManagementFilter - Request requested invalid session id E5990064456CD85D8639F95C5EA0B960
2025-12-25 00:25:16.823 [http-nio-8080-exec-9] DEBUG org.springframework.security.web.FilterChainProxy - Secured GET /v3/api-docs/swagger-config
2025-12-25 00:25:16.823 [http-nio-8080-exec-9] DEBUG org.springframework.web.servlet.DispatcherServlet - GET "/v3/api-docs/swagger-config", parameters={}
2025-12-25 00:25:16.823 [http-nio-8080-exec-9] DEBUG org.springframework.web.servlet.mvc.method.annotation.RequestMappingHandlerMapping - Mapped to org.springdoc.webmvc.ui.SwaggerConfigResource#openapiJson(HttpServletRequest)
2025-12-25 00:25:16.824 [http-nio-8080-exec-9] DEBUG org.springframework.web.servlet.mvc.method.annotation.RequestResponseBodyMethodProcessor - Using 'application/json', given [*/*] and supported [application/json]
2025-12-25 00:25:16.826 [http-nio-8080-exec-9] DEBUG org.springframework.web.servlet.mvc.method.annotation.RequestResponseBodyMethodProcessor - Writing [{configUrl=/v3/api-docs/swagger-config, oauth2RedirectUrl=http://localhost:8080/swagger-ui/oauth2-re (truncated)...]
2025-12-25 00:25:16.830 [http-nio-8080-exec-9] DEBUG org.springframework.web.servlet.DispatcherServlet - Completed 200 OK
2025-12-25 00:25:16.838 [http-nio-8080-exec-10] DEBUG org.springframework.security.web.FilterChainProxy - Securing GET /v3/api-docs
2025-12-25 00:25:16.839 [http-nio-8080-exec-10] DEBUG org.springframework.security.web.authentication.AnonymousAuthenticationFilter - Set SecurityContextHolder to anonymous SecurityContext
2025-12-25 00:25:16.839 [http-nio-8080-exec-10] DEBUG org.springframework.security.web.session.SessionManagementFilter - Request requested invalid session id E5990064456CD85D8639F95C5EA0B960
2025-12-25 00:25:16.840 [http-nio-8080-exec-10] DEBUG org.springframework.security.web.FilterChainProxy - Secured GET /v3/api-docs
2025-12-25 00:25:16.840 [http-nio-8080-exec-10] DEBUG org.springframework.web.servlet.DispatcherServlet - GET "/v3/api-docs", parameters={}
2025-12-25 00:25:16.840 [http-nio-8080-exec-10] DEBUG org.springframework.web.servlet.mvc.method.annotation.RequestMappingHandlerMapping - Mapped to org.springdoc.webmvc.api.OpenApiWebMvcResource#openapiJson(HttpServletRequest, String, Locale)
2025-12-25 00:25:17.164 [http-nio-8080-exec-10] INFO  org.springdoc.api.AbstractOpenApiResource - Init duration for springdoc-openapi is: 313 ms
2025-12-25 00:25:17.184 [http-nio-8080-exec-10] DEBUG org.springframework.web.servlet.mvc.method.annotation.RequestResponseBodyMethodProcessor - Using 'application/json', given [application/json, */*] and supported [application/json]
2025-12-25 00:25:17.185 [http-nio-8080-exec-10] DEBUG org.springframework.web.servlet.mvc.method.annotation.RequestResponseBodyMethodProcessor - Writing [{123, 34, 111, 112, 101, 110, 97, 112, 105, 34, 58, 34, 51, 46, 48, 46, 49, 34, 44, 34, 105, 110, 10 (truncated)...]
2025-12-25 00:25:17.186 [http-nio-8080-exec-10] DEBUG org.springframework.web.servlet.DispatcherServlet - Completed 200 OK
2025-12-25 00:28:34.355 [http-nio-8080-exec-5] DEBUG org.springframework.security.web.FilterChainProxy - Securing GET /api/v1/auth/token/1
2025-12-25 00:28:34.364 [http-nio-8080-exec-5] DEBUG org.springframework.security.web.authentication.AnonymousAuthenticationFilter - Set SecurityContextHolder to anonymous SecurityContext
2025-12-25 00:28:34.364 [http-nio-8080-exec-5] DEBUG org.springframework.security.web.session.SessionManagementFilter - Request requested invalid session id E5990064456CD85D8639F95C5EA0B960
2025-12-25 00:28:34.367 [http-nio-8080-exec-5] DEBUG org.springframework.security.web.authentication.Http403ForbiddenEntryPoint - Pre-authenticated entry point called. Rejecting access
2025-12-25 00:28:34.372 [http-nio-8080-exec-5] DEBUG org.springframework.security.web.FilterChainProxy - Securing GET /error
2025-12-25 00:28:34.373 [http-nio-8080-exec-5] DEBUG org.springframework.security.web.authentication.AnonymousAuthenticationFilter - Set SecurityContextHolder to anonymous SecurityContext
2025-12-25 00:28:34.373 [http-nio-8080-exec-5] DEBUG org.springframework.security.web.authentication.Http403ForbiddenEntryPoint - Pre-authenticated entry point called. Rejecting access
2025-12-25 00:36:30.306 [SpringApplicationShutdownHook] INFO  org.springframework.boot.web.embedded.tomcat.GracefulShutdown - Commencing graceful shutdown. Waiting for active requests to complete
2025-12-25 00:36:30.308 [tomcat-shutdown] INFO  org.springframework.boot.web.embedded.tomcat.GracefulShutdown - Graceful shutdown complete
2025-12-25 00:36:32.355 [SpringApplicationShutdownHook] INFO  org.springframework.orm.jpa.LocalContainerEntityManagerFactoryBean - Closing JPA EntityManagerFactory for persistence unit 'default'
2025-12-25 00:36:32.360 [SpringApplicationShutdownHook] INFO  com.zaxxer.hikari.HikariDataSource - HikariPool-1 - Shutdown initiated...
2025-12-25 00:36:32.364 [SpringApplicationShutdownHook] INFO  com.zaxxer.hikari.HikariDataSource - HikariPool-1 - Shutdown completed.
